[0.045s] Invoking command in '/home/avalor/ros2_ws/src/px4_remap/build/px4_remap': CMAKE_PREFIX_PATH=${CMAKE_PREFIX_PATH}:/opt/ros/humble /usr/bin/cmake /home/avalor/ros2_ws/src/px4_remap -DCMAKE_INSTALL_PREFIX=/home/avalor/ros2_ws/src/px4_remap/install/px4_remap
[0.191s] -- The C compiler identification is GNU 11.4.0
[0.320s] -- The CXX compiler identification is GNU 11.4.0
[0.355s] -- Detecting C compiler ABI info
[0.792s] -- Detecting C compiler ABI info - done
[0.819s] -- Check for working C compiler: /usr/bin/cc - skipped
[0.819s] -- Detecting C compile features
[0.820s] -- Detecting C compile features - done
[0.830s] -- Detecting CXX compiler ABI info
[1.075s] -- Detecting CXX compiler ABI info - done
[1.095s] -- Check for working CXX compiler: /usr/bin/c++ - skipped
[1.096s] -- Detecting CXX compile features
[1.099s] -- Detecting CXX compile features - done
[1.108s] -- Found ament_cmake: 1.3.11 (/opt/ros/humble/share/ament_cmake/cmake)
[1.486s] -- Found Python3: /usr/bin/python3 (found version "3.10.12") found components: Interpreter 
[1.697s] -- Found rclcpp: 16.0.12 (/opt/ros/humble/share/rclcpp/cmake)
[1.791s] -- Found rosidl_generator_c: 3.1.6 (/opt/ros/humble/share/rosidl_generator_c/cmake)
[1.802s] -- Found rosidl_adapter: 3.1.6 (/opt/ros/humble/share/rosidl_adapter/cmake)
[1.820s] -- Found rosidl_generator_cpp: 3.1.6 (/opt/ros/humble/share/rosidl_generator_cpp/cmake)
[1.850s] -- Using all available rosidl_typesupport_c: rosidl_typesupport_fastrtps_c;rosidl_typesupport_introspection_c
[1.887s] -- Using all available rosidl_typesupport_cpp: rosidl_typesupport_fastrtps_cpp;rosidl_typesupport_introspection_cpp
[1.990s] -- Found rmw_implementation_cmake: 6.1.2 (/opt/ros/humble/share/rmw_implementation_cmake/cmake)
[1.996s] -- Found rmw_fastrtps_cpp: 6.2.7 (/opt/ros/humble/share/rmw_fastrtps_cpp/cmake)
[2.187s] -- Found OpenSSL: /usr/lib/aarch64-linux-gnu/libcrypto.so (found version "3.0.2")  
[2.242s] -- Found FastRTPS: /opt/ros/humble/include  
[2.363s] -- Using RMW implementation 'rmw_fastrtps_cpp' as default
[2.387s] -- Looking for pthread.h
[2.778s] -- Looking for pthread.h - found
[2.778s] -- Performing Test CMAKE_HAVE_LIBC_PTHREAD
[3.086s] -- Performing Test CMAKE_HAVE_LIBC_PTHREAD - Success
[3.088s] -- Found Threads: TRUE  
[3.213s] -- Found px4_msgs: 2.0.1 (/home/avalor/ws_sensor_combined/install/px4_msgs/share/px4_msgs/cmake)
[3.241s] -- Found sensor_msgs: 4.8.0 (/opt/ros/humble/share/sensor_msgs/cmake)
[3.303s] -- Found nav_msgs: 4.8.0 (/opt/ros/humble/share/nav_msgs/cmake)
[3.499s] -- Configuring done
[3.553s] -- Generating done
[3.571s] -- Build files have been written to: /home/avalor/ros2_ws/src/px4_remap/build/px4_remap
[3.599s] Invoked command in '/home/avalor/ros2_ws/src/px4_remap/build/px4_remap' returned '0': CMAKE_PREFIX_PATH=${CMAKE_PREFIX_PATH}:/opt/ros/humble /usr/bin/cmake /home/avalor/ros2_ws/src/px4_remap -DCMAKE_INSTALL_PREFIX=/home/avalor/ros2_ws/src/px4_remap/install/px4_remap
[3.603s] Invoking command in '/home/avalor/ros2_ws/src/px4_remap/build/px4_remap': CMAKE_PREFIX_PATH=${CMAKE_PREFIX_PATH}:/opt/ros/humble /usr/bin/cmake --build /home/avalor/ros2_ws/src/px4_remap/build/px4_remap -- -j4 -l4
[3.790s] [ 12%] [32mBuilding CXX object CMakeFiles/imu_remap.dir/src/imu_remap.cpp.o[0m
[27.379s] [ 25%] [32m[1mLinking CXX executable imu_remap[0m
[28.720s] [ 25%] Built target imu_remap
[28.786s] [ 37%] [32mBuilding CXX object CMakeFiles/lidar_remap.dir/src/lidar_remap.cpp.o[0m
[49.846s] [ 50%] [32m[1mLinking CXX executable lidar_remap[0m
[50.916s] [ 50%] Built target lidar_remap
[50.958s] [ 62%] [32mBuilding CXX object CMakeFiles/odometry_remap.dir/src/odometry_remap.cpp.o[0m
[72.339s] [ 75%] [32m[1mLinking CXX executable odometry_remap[0m
[73.711s] [ 75%] Built target odometry_remap
[73.813s] [ 87%] [32mBuilding CXX object CMakeFiles/gps_remap.dir/src/gps_remap.cpp.o[0m
[96.234s] [100%] [32m[1mLinking CXX executable gps_remap[0m
[97.373s] [100%] Built target gps_remap
[97.404s] Invoked command in '/home/avalor/ros2_ws/src/px4_remap/build/px4_remap' returned '0': CMAKE_PREFIX_PATH=${CMAKE_PREFIX_PATH}:/opt/ros/humble /usr/bin/cmake --build /home/avalor/ros2_ws/src/px4_remap/build/px4_remap -- -j4 -l4
[97.424s] Invoking command in '/home/avalor/ros2_ws/src/px4_remap/build/px4_remap': CMAKE_PREFIX_PATH=${CMAKE_PREFIX_PATH}:/opt/ros/humble /usr/bin/cmake --install /home/avalor/ros2_ws/src/px4_remap/build/px4_remap
[97.439s] -- Install configuration: ""
[97.440s] -- Installing: /home/avalor/ros2_ws/src/px4_remap/install/px4_remap/lib/px4_remap/imu_remap
[97.449s] -- Set runtime path of "/home/avalor/ros2_ws/src/px4_remap/install/px4_remap/lib/px4_remap/imu_remap" to ""
[97.449s] -- Installing: /home/avalor/ros2_ws/src/px4_remap/install/px4_remap/lib/px4_remap/gps_remap
[97.458s] -- Set runtime path of "/home/avalor/ros2_ws/src/px4_remap/install/px4_remap/lib/px4_remap/gps_remap" to ""
[97.458s] -- Installing: /home/avalor/ros2_ws/src/px4_remap/install/px4_remap/lib/px4_remap/odometry_remap
[97.467s] -- Set runtime path of "/home/avalor/ros2_ws/src/px4_remap/install/px4_remap/lib/px4_remap/odometry_remap" to ""
[97.467s] -- Installing: /home/avalor/ros2_ws/src/px4_remap/install/px4_remap/lib/px4_remap/lidar_remap
[97.477s] -- Set runtime path of "/home/avalor/ros2_ws/src/px4_remap/install/px4_remap/lib/px4_remap/lidar_remap" to ""
[97.478s] -- Installing: /home/avalor/ros2_ws/src/px4_remap/install/px4_remap/share/px4_remap/launch
[97.478s] -- Installing: /home/avalor/ros2_ws/src/px4_remap/install/px4_remap/share/px4_remap/launch/remap_imu.launch.py
[97.478s] -- Installing: /home/avalor/ros2_ws/src/px4_remap/install/px4_remap/share/px4_remap/launch/remap.launch.py
[97.478s] -- Installing: /home/avalor/ros2_ws/src/px4_remap/install/px4_remap/share/px4_remap/launch/remap_launch.xml
[97.478s] -- Installing: /home/avalor/ros2_ws/src/px4_remap/install/px4_remap/share/ament_index/resource_index/package_run_dependencies/px4_remap
[97.479s] -- Installing: /home/avalor/ros2_ws/src/px4_remap/install/px4_remap/share/ament_index/resource_index/parent_prefix_path/px4_remap
[97.479s] -- Installing: /home/avalor/ros2_ws/src/px4_remap/install/px4_remap/share/px4_remap/environment/ament_prefix_path.sh
[97.479s] -- Installing: /home/avalor/ros2_ws/src/px4_remap/install/px4_remap/share/px4_remap/environment/ament_prefix_path.dsv
[97.479s] -- Installing: /home/avalor/ros2_ws/src/px4_remap/install/px4_remap/share/px4_remap/environment/path.sh
[97.479s] -- Installing: /home/avalor/ros2_ws/src/px4_remap/install/px4_remap/share/px4_remap/environment/path.dsv
[97.480s] -- Installing: /home/avalor/ros2_ws/src/px4_remap/install/px4_remap/share/px4_remap/local_setup.bash
[97.480s] -- Installing: /home/avalor/ros2_ws/src/px4_remap/install/px4_remap/share/px4_remap/local_setup.sh
[97.481s] -- Installing: /home/avalor/ros2_ws/src/px4_remap/install/px4_remap/share/px4_remap/local_setup.zsh
[97.481s] -- Installing: /home/avalor/ros2_ws/src/px4_remap/install/px4_remap/share/px4_remap/local_setup.dsv
[97.481s] -- Installing: /home/avalor/ros2_ws/src/px4_remap/install/px4_remap/share/px4_remap/package.dsv
[97.481s] -- Installing: /home/avalor/ros2_ws/src/px4_remap/install/px4_remap/share/ament_index/resource_index/packages/px4_remap
[97.482s] -- Installing: /home/avalor/ros2_ws/src/px4_remap/install/px4_remap/share/px4_remap/cmake/px4_remapConfig.cmake
[97.482s] -- Installing: /home/avalor/ros2_ws/src/px4_remap/install/px4_remap/share/px4_remap/cmake/px4_remapConfig-version.cmake
[97.482s] -- Installing: /home/avalor/ros2_ws/src/px4_remap/install/px4_remap/share/px4_remap/package.xml
[97.488s] Invoked command in '/home/avalor/ros2_ws/src/px4_remap/build/px4_remap' returned '0': CMAKE_PREFIX_PATH=${CMAKE_PREFIX_PATH}:/opt/ros/humble /usr/bin/cmake --install /home/avalor/ros2_ws/src/px4_remap/build/px4_remap
